industry	modifier=head
corporations
companies
creative industries	head=creative industry
creative industry	head=creative industry
creative jobs	head=creative industry
entrepreneurs	head=entrepreneurship
entrepreneurship	head=entrepreneurship
industrial policy	head=policy
Local Entreprise Partnerships
LEPs
startups
innovation
manufacturing	modifier=head
exports
imports
high-end manufacturing	head=manufacturing
enterprise	modifier=head
enterprises	modifier=head
car industry
fuel companies	subtheme=energy companies
gas and electricity companies	subtheme=energy companies
gas companies	subtheme=energy companies
electricity companies	head=energy companies
small businesses
SMEs
trade union	head=trade unions
trade unions	head=trade unions
private sector
public sector
privatisation	head=privatization
privatization	head=privatization
free trade
automation
businesses
