pensions	head=pensions
pension
retirement	head=retirement
retirement plans	head=retirement
DWP
Department for Work and Pensions
state pension	head=state pension
private pension	head=private pension
state pensions	head=state pension
private pensions	head=private pension
pension saving	head=pensions
pensions system	head=pensions
pension scheme	head=private pension
pensions schemes	head=private pension
workplace pension	head=private pension
workplace pension schemes	head=private pension
PensionTube
Pension wise	head=pension wise
PensionWise	head=pension wise
pension freedoms
pension savings	head=pensions
defined contribution pension	head=private pension
pension age
retirement savings	head=retirement
Pensions Advisory Service
retirement plan	head=retirement
retirement saving	head=retirement
Pensions Minister
DWP minister
annuity
elderly
geriatric
pensioner
pensioners
oap
oaps
old people
old person
older people
older person
