tech	head=technology
technology	modifier=head
software technology	head=technology
internet technology	head=technology
broadband	head=internet
big data
data protection
data science
internet censorship	head=internet
open data
software piracy
science
technologies	modifier=head
data-driven innovation
science and innovation
robots	head=robots
robot	head=robots
drones	head=robots
hi-tech	head=technology
hitech	head=technology
5g
4g
3g
scientific
mobile network
world wide web
www
internet
