social housing
social welfare	head=welfare
welfare state	head=welfare
benefits	modifier=head	category=NNS
child benefit
DLA
benefit cut	head=benefit cuts
benefit cuts	head=benefit cuts
cut in benefit	head=benefit cuts
cuts in benefits	head=benefit cuts
Carers' Allowance
Jobseekers' Allowance
JSA
Disability Living Allowance
employment support allowance
cold weather payments	head=cold weather payments
cold weather payment	head=cold weather payments
childcare
disability
welfare system	head=welfare
welfare	head=welfare
welfare society	head=welfare
housing benefit	head=housing benefit
housing benefits	head=housing benefit
social care	head=welfare
food bank	head=food bank
food banks	head=food bank
statutory sick pay
sick pay
maternity
dole
unemployment support
