Labour
Tory
LibDem
Conservative
Lib Dem
Liberal Democrat
Green Party
UKIP
Alliance Party of Northern Ireland
Conservative and Unionist Party
Democratic Unionist Party
Green Party in Northern Ireland
Green Party of England and Wales
Labour Party
Liberal Democrats
Liberals
Plaid Cymru
Respect Party
Scottish Green Party
Scottish National Party
Sinn Féin
Sinn Fein
Social Democratic and Labour Party
Traditional Unionist Voice
UK Independence Party
Ulster Unionist Party
4 Freedoms Party
Animal Welfare Party
An Independence from Europe
Liberal Party
Libertarian Party
No Candidate Deserves My Vote
People's Democratic Party
Peace Party
Pirate Party
Populist Alliance
Social Democratic Party
United in Europe
Veritas
We Demand a Referendum
Reds
Conservative Party
Conservatives
Tories
SNP
Lib Dems
Change UK
The Independent Group
Change UK (The Independent Group)
The Brexit Party
